<?xml version="1.0" encoding="UTF-8"?>
<!-- Generated by org.testng.reporters.JUnitReportReporter -->
<testsuite skipped="0" hostname="DESKTOP-O9P40TL" name="lesson02.MainPage" tests="1" failures="0" timestamp="2021-12-04T22:22:52 IST" time="0.460" errors="0">
  <testcase name="Test01" time="0.460" classname="lesson02.MainPage"/>
  <system-out/>
</testsuite> <!-- lesson02.MainPage -->
