<?xml version="1.0" encoding="UTF-8"?>
<!-- Generated by org.testng.reporters.JUnitReportReporter -->
<testsuite skipped="0" hostname="DESKTOP-O9P40TL" name="lesson01.Demo" tests="1" failures="0" timestamp="2021-11-24T16:20:53 IST" time="0.001" errors="0">
  <testcase name="test01" time="0.001" classname="lesson01.Demo"/>
  <system-out/>
</testsuite> <!-- lesson01.Demo -->
